<?xml version="1.0" encoding="UTF-8"?>
<testsuite xmlns:xsi="http://www.w3.org/2001/XMLSchema-instance" xsi:noNamespaceSchemaLocation="https://maven.apache.org/surefire/maven-surefire-plugin/xsd/surefire-test-report.xsd" name="com.dygstudio.testspringboot.TestspringbootApplicationTests" time="10.152" tests="1" errors="0" skipped="0" failures="0">
  <properties>
    <property name="sun.desktop" value="windows"/>
    <property name="awt.toolkit" value="sun.awt.windows.WToolkit"/>
    <property name="file.encoding.pkg" value="sun.io"/>
    <property name="java.specification.version" value="1.8"/>
    <property name="sun.cpu.isalist" value="amd64"/>
    <property name="sun.jnu.encoding" value="GBK"/>
    <property name="java.class.path" value="D:\MyProject\MyJavaCollection\MyProject\dygstudio\testspringboot\target\test-classes;D:\MyProject\MyJavaCollection\MyProject\dygstudio\testspringboot\target\classes;C:\Users\diyaguang\.m2\repository\org\springframework\boot\spring-boot-starter-thymeleaf\2.1.2.RELEASE\spring-boot-starter-thymeleaf-2.1.2.RELEASE.jar;C:\Users\diyaguang\.m2\repository\org\springframework\boot\spring-boot-starter\2.1.2.RELEASE\spring-boot-starter-2.1.2.RELEASE.jar;C:\Users\diyaguang\.m2\repository\org\springframework\boot\spring-boot\2.1.2.RELEASE\spring-boot-2.1.2.RELEASE.jar;C:\Users\diyaguang\.m2\repository\org\springframework\boot\spring-boot-autoconfigure\2.1.2.RELEASE\spring-boot-autoconfigure-2.1.2.RELEASE.jar;C:\Users\diyaguang\.m2\repository\org\springframework\boot\spring-boot-starter-logging\2.1.2.RELEASE\spring-boot-starter-logging-2.1.2.RELEASE.jar;C:\Users\diyaguang\.m2\repository\ch\qos\logback\logback-classic\1.2.3\logback-classic-1.2.3.jar;C:\Users\diyaguang\.m2\repository\ch\qos\logback\logback-core\1.2.3\logback-core-1.2.3.jar;C:\Users\diyaguang\.m2\repository\org\apache\logging\log4j\log4j-to-slf4j\2.11.1\log4j-to-slf4j-2.11.1.jar;C:\Users\diyaguang\.m2\repository\org\apache\logging\log4j\log4j-api\2.11.1\log4j-api-2.11.1.jar;C:\Users\diyaguang\.m2\repository\org\slf4j\jul-to-slf4j\1.7.25\jul-to-slf4j-1.7.25.jar;C:\Users\diyaguang\.m2\repository\org\yaml\snakeyaml\1.23\snakeyaml-1.23.jar;C:\Users\diyaguang\.m2\repository\org\thymeleaf\thymeleaf-spring5\3.0.11.RELEASE\thymeleaf-spring5-3.0.11.RELEASE.jar;C:\Users\diyaguang\.m2\repository\org\thymeleaf\thymeleaf\3.0.11.RELEASE\thymeleaf-3.0.11.RELEASE.jar;C:\Users\diyaguang\.m2\repository\org\attoparser\attoparser\2.0.5.RELEASE\attoparser-2.0.5.RELEASE.jar;C:\Users\diyaguang\.m2\repository\org\unbescape\unbescape\1.1.6.RELEASE\unbescape-1.1.6.RELEASE.jar;C:\Users\diyaguang\.m2\repository\org\thymeleaf\extras\thymeleaf-extras-java8time\3.0.2.RELEASE\thymeleaf-extras-java8time-3.0.2.RELEASE.jar;C:\Users\diyaguang\.m2\repository\org\springframework\boot\spring-boot-starter-web\2.1.2.RELEASE\spring-boot-starter-web-2.1.2.RELEASE.jar;C:\Users\diyaguang\.m2\repository\org\springframework\boot\spring-boot-starter-json\2.1.2.RELEASE\spring-boot-starter-json-2.1.2.RELEASE.jar;C:\Users\diyaguang\.m2\repository\com\fasterxml\jackson\core\jackson-databind\2.9.8\jackson-databind-2.9.8.jar;C:\Users\diyaguang\.m2\repository\com\fasterxml\jackson\core\jackson-annotations\2.9.0\jackson-annotations-2.9.0.jar;C:\Users\diyaguang\.m2\repository\com\fasterxml\jackson\core\jackson-core\2.9.8\jackson-core-2.9.8.jar;C:\Users\diyaguang\.m2\repository\com\fasterxml\jackson\datatype\jackson-datatype-jdk8\2.9.8\jackson-datatype-jdk8-2.9.8.jar;C:\Users\diyaguang\.m2\repository\com\fasterxml\jackson\datatype\jackson-datatype-jsr310\2.9.8\jackson-datatype-jsr310-2.9.8.jar;C:\Users\diyaguang\.m2\repository\com\fasterxml\jackson\module\jackson-module-parameter-names\2.9.8\jackson-module-parameter-names-2.9.8.jar;C:\Users\diyaguang\.m2\repository\org\hibernate\validator\hibernate-validator\6.0.14.Final\hibernate-validator-6.0.14.Final.jar;C:\Users\diyaguang\.m2\repository\javax\validation\validation-api\2.0.1.Final\validation-api-2.0.1.Final.jar;C:\Users\diyaguang\.m2\repository\org\jboss\logging\jboss-logging\3.3.2.Final\jboss-logging-3.3.2.Final.jar;C:\Users\diyaguang\.m2\repository\com\fasterxml\classmate\1.4.0\classmate-1.4.0.jar;C:\Users\diyaguang\.m2\repository\org\springframework\spring-web\5.1.4.RELEASE\spring-web-5.1.4.RELEASE.jar;C:\Users\diyaguang\.m2\repository\org\springframework\spring-beans\5.1.4.RELEASE\spring-beans-5.1.4.RELEASE.jar;C:\Users\diyaguang\.m2\repository\org\springframework\spring-webmvc\5.1.4.RELEASE\spring-webmvc-5.1.4.RELEASE.jar;C:\Users\diyaguang\.m2\repository\org\springframework\spring-aop\5.1.4.RELEASE\spring-aop-5.1.4.RELEASE.jar;C:\Users\diyaguang\.m2\repository\org\springframework\spring-context\5.1.4.RELEASE\spring-context-5.1.4.RELEASE.jar;C:\Users\diyaguang\.m2\repository\org\springframework\spring-expression\5.1.4.RELEASE\spring-expression-5.1.4.RELEASE.jar;C:\Users\diyaguang\.m2\repository\org\springframework\boot\spring-boot-starter-test\2.1.2.RELEASE\spring-boot-starter-test-2.1.2.RELEASE.jar;C:\Users\diyaguang\.m2\repository\org\springframework\boot\spring-boot-test\2.1.2.RELEASE\spring-boot-test-2.1.2.RELEASE.jar;C:\Users\diyaguang\.m2\repository\org\springframework\boot\spring-boot-test-autoconfigure\2.1.2.RELEASE\spring-boot-test-autoconfigure-2.1.2.RELEASE.jar;C:\Users\diyaguang\.m2\repository\com\jayway\jsonpath\json-path\2.4.0\json-path-2.4.0.jar;C:\Users\diyaguang\.m2\repository\net\minidev\json-smart\2.3\json-smart-2.3.jar;C:\Users\diyaguang\.m2\repository\net\minidev\accessors-smart\1.2\accessors-smart-1.2.jar;C:\Users\diyaguang\.m2\repository\org\ow2\asm\asm\5.0.4\asm-5.0.4.jar;C:\Users\diyaguang\.m2\repository\junit\junit\4.12\junit-4.12.jar;C:\Users\diyaguang\.m2\repository\org\assertj\assertj-core\3.11.1\assertj-core-3.11.1.jar;C:\Users\diyaguang\.m2\repository\org\mockito\mockito-core\2.23.4\mockito-core-2.23.4.jar;C:\Users\diyaguang\.m2\repository\net\bytebuddy\byte-buddy\1.9.7\byte-buddy-1.9.7.jar;C:\Users\diyaguang\.m2\repository\net\bytebuddy\byte-buddy-agent\1.9.7\byte-buddy-agent-1.9.7.jar;C:\Users\diyaguang\.m2\repository\org\objenesis\objenesis\2.6\objenesis-2.6.jar;C:\Users\diyaguang\.m2\repository\org\hamcrest\hamcrest-core\1.3\hamcrest-core-1.3.jar;C:\Users\diyaguang\.m2\repository\org\hamcrest\hamcrest-library\1.3\hamcrest-library-1.3.jar;C:\Users\diyaguang\.m2\repository\org\skyscreamer\jsonassert\1.5.0\jsonassert-1.5.0.jar;C:\Users\diyaguang\.m2\repository\com\vaadin\external\google\android-json\0.0.20131108.vaadin1\android-json-0.0.20131108.vaadin1.jar;C:\Users\diyaguang\.m2\repository\org\springframework\spring-core\5.1.4.RELEASE\spring-core-5.1.4.RELEASE.jar;C:\Users\diyaguang\.m2\repository\org\springframework\spring-jcl\5.1.4.RELEASE\spring-jcl-5.1.4.RELEASE.jar;C:\Users\diyaguang\.m2\repository\org\springframework\spring-test\5.1.4.RELEASE\spring-test-5.1.4.RELEASE.jar;C:\Users\diyaguang\.m2\repository\org\xmlunit\xmlunit-core\2.6.2\xmlunit-core-2.6.2.jar;C:\Users\diyaguang\.m2\repository\com\ibeetl\beetl-framework-starter\1.1.15.RELEASE\beetl-framework-starter-1.1.15.RELEASE.jar;C:\Users\diyaguang\.m2\repository\com\ibeetl\beetlsql\2.9.10\beetlsql-2.9.10.jar;C:\Users\diyaguang\.m2\repository\com\ibeetl\beetl\2.7.22\beetl-2.7.22.jar;C:\Users\diyaguang\.m2\repository\org\antlr\antlr4-runtime\4.2\antlr4-runtime-4.2.jar;C:\Users\diyaguang\.m2\repository\org\abego\treelayout\org.abego.treelayout.core\1.0.1\org.abego.treelayout.core-1.0.1.jar;C:\Users\diyaguang\.m2\repository\org\antlr\antlr4-annotations\4.2\antlr4-annotations-4.2.jar;C:\Users\diyaguang\.m2\repository\com\zaxxer\HikariCP\2.7.4\HikariCP-2.7.4.jar;C:\Users\diyaguang\.m2\repository\org\slf4j\slf4j-api\1.7.25\slf4j-api-1.7.25.jar;C:\Users\diyaguang\.m2\repository\mysql\mysql-connector-java\6.0.5\mysql-connector-java-6.0.5.jar;C:\Users\diyaguang\.m2\repository\org\springframework\boot\spring-boot-starter-jdbc\2.1.2.RELEASE\spring-boot-starter-jdbc-2.1.2.RELEASE.jar;C:\Users\diyaguang\.m2\repository\org\springframework\spring-jdbc\5.1.4.RELEASE\spring-jdbc-5.1.4.RELEASE.jar;C:\Users\diyaguang\.m2\repository\org\springframework\spring-tx\5.1.4.RELEASE\spring-tx-5.1.4.RELEASE.jar;C:\Users\diyaguang\.m2\repository\org\springframework\boot\spring-boot-starter-data-jpa\2.1.2.RELEASE\spring-boot-starter-data-jpa-2.1.2.RELEASE.jar;C:\Users\diyaguang\.m2\repository\org\springframework\boot\spring-boot-starter-aop\2.1.2.RELEASE\spring-boot-starter-aop-2.1.2.RELEASE.jar;C:\Users\diyaguang\.m2\repository\org\aspectj\aspectjweaver\1.9.2\aspectjweaver-1.9.2.jar;C:\Users\diyaguang\.m2\repository\javax\transaction\javax.transaction-api\1.3\javax.transaction-api-1.3.jar;C:\Users\diyaguang\.m2\repository\javax\xml\bind\jaxb-api\2.3.1\jaxb-api-2.3.1.jar;C:\Users\diyaguang\.m2\repository\javax\activation\javax.activation-api\1.2.0\javax.activation-api-1.2.0.jar;C:\Users\diyaguang\.m2\repository\org\hibernate\hibernate-core\5.3.7.Final\hibernate-core-5.3.7.Final.jar;C:\Users\diyaguang\.m2\repository\javax\persistence\javax.persistence-api\2.2\javax.persistence-api-2.2.jar;C:\Users\diyaguang\.m2\repository\org\javassist\javassist\3.23.1-GA\javassist-3.23.1-GA.jar;C:\Users\diyaguang\.m2\repository\antlr\antlr\2.7.7\antlr-2.7.7.jar;C:\Users\diyaguang\.m2\repository\org\jboss\jandex\2.0.5.Final\jandex-2.0.5.Final.jar;C:\Users\diyaguang\.m2\repository\org\dom4j\dom4j\2.1.1\dom4j-2.1.1.jar;C:\Users\diyaguang\.m2\repository\org\hibernate\common\hibernate-commons-annotations\5.0.4.Final\hibernate-commons-annotations-5.0.4.Final.jar;C:\Users\diyaguang\.m2\repository\org\springframework\data\spring-data-jpa\2.1.4.RELEASE\spring-data-jpa-2.1.4.RELEASE.jar;C:\Users\diyaguang\.m2\repository\org\springframework\data\spring-data-commons\2.1.4.RELEASE\spring-data-commons-2.1.4.RELEASE.jar;C:\Users\diyaguang\.m2\repository\org\springframework\spring-orm\5.1.4.RELEASE\spring-orm-5.1.4.RELEASE.jar;C:\Users\diyaguang\.m2\repository\org\springframework\spring-aspects\5.1.4.RELEASE\spring-aspects-5.1.4.RELEASE.jar;C:\Users\diyaguang\.m2\repository\org\springframework\boot\spring-boot-configuration-processor\2.1.2.RELEASE\spring-boot-configuration-processor-2.1.2.RELEASE.jar;C:\Users\diyaguang\.m2\repository\org\springframework\boot\spring-boot-starter-tomcat\2.1.2.RELEASE\spring-boot-starter-tomcat-2.1.2.RELEASE.jar;C:\Users\diyaguang\.m2\repository\javax\annotation\javax.annotation-api\1.3.2\javax.annotation-api-1.3.2.jar;C:\Users\diyaguang\.m2\repository\org\apache\tomcat\embed\tomcat-embed-core\9.0.14\tomcat-embed-core-9.0.14.jar;C:\Users\diyaguang\.m2\repository\org\apache\tomcat\embed\tomcat-embed-el\9.0.14\tomcat-embed-el-9.0.14.jar;C:\Users\diyaguang\.m2\repository\org\apache\tomcat\embed\tomcat-embed-websocket\9.0.14\tomcat-embed-websocket-9.0.14.jar;"/>
    <property name="java.vm.vendor" value="Oracle Corporation"/>
    <property name="sun.arch.data.model" value="64"/>
    <property name="user.variant" value=""/>
    <property name="java.vendor.url" value="http://java.oracle.com/"/>
    <property name="user.timezone" value="Asia/Shanghai"/>
    <property name="java.vm.specification.version" value="1.8"/>
    <property name="os.name" value="Windows 10"/>
    <property name="user.country" value="CN"/>
    <property name="sun.java.launcher" value="SUN_STANDARD"/>
    <property name="sun.boot.library.path" value="C:\Program Files\Java\jdk1.8.0_191\jre\bin"/>
    <property name="sun.java.command" value="C:\Users\DIYAGU~1\AppData\Local\Temp\surefire8726672801478493639\surefirebooter7506960619748830294.jar C:\Users\diyaguang\AppData\Local\Temp\surefire8726672801478493639 2019-02-25T15-32-36_518-jvmRun1 surefire2691309875938524064tmp surefire_01723160768033335876tmp"/>
    <property name="surefire.test.class.path" value="D:\MyProject\MyJavaCollection\MyProject\dygstudio\testspringboot\target\test-classes;D:\MyProject\MyJavaCollection\MyProject\dygstudio\testspringboot\target\classes;C:\Users\diyaguang\.m2\repository\org\springframework\boot\spring-boot-starter-thymeleaf\2.1.2.RELEASE\spring-boot-starter-thymeleaf-2.1.2.RELEASE.jar;C:\Users\diyaguang\.m2\repository\org\springframework\boot\spring-boot-starter\2.1.2.RELEASE\spring-boot-starter-2.1.2.RELEASE.jar;C:\Users\diyaguang\.m2\repository\org\springframework\boot\spring-boot\2.1.2.RELEASE\spring-boot-2.1.2.RELEASE.jar;C:\Users\diyaguang\.m2\repository\org\springframework\boot\spring-boot-autoconfigure\2.1.2.RELEASE\spring-boot-autoconfigure-2.1.2.RELEASE.jar;C:\Users\diyaguang\.m2\repository\org\springframework\boot\spring-boot-starter-logging\2.1.2.RELEASE\spring-boot-starter-logging-2.1.2.RELEASE.jar;C:\Users\diyaguang\.m2\repository\ch\qos\logback\logback-classic\1.2.3\logback-classic-1.2.3.jar;C:\Users\diyaguang\.m2\repository\ch\qos\logback\logback-core\1.2.3\logback-core-1.2.3.jar;C:\Users\diyaguang\.m2\repository\org\apache\logging\log4j\log4j-to-slf4j\2.11.1\log4j-to-slf4j-2.11.1.jar;C:\Users\diyaguang\.m2\repository\org\apache\logging\log4j\log4j-api\2.11.1\log4j-api-2.11.1.jar;C:\Users\diyaguang\.m2\repository\org\slf4j\jul-to-slf4j\1.7.25\jul-to-slf4j-1.7.25.jar;C:\Users\diyaguang\.m2\repository\org\yaml\snakeyaml\1.23\snakeyaml-1.23.jar;C:\Users\diyaguang\.m2\repository\org\thymeleaf\thymeleaf-spring5\3.0.11.RELEASE\thymeleaf-spring5-3.0.11.RELEASE.jar;C:\Users\diyaguang\.m2\repository\org\thymeleaf\thymeleaf\3.0.11.RELEASE\thymeleaf-3.0.11.RELEASE.jar;C:\Users\diyaguang\.m2\repository\org\attoparser\attoparser\2.0.5.RELEASE\attoparser-2.0.5.RELEASE.jar;C:\Users\diyaguang\.m2\repository\org\unbescape\unbescape\1.1.6.RELEASE\unbescape-1.1.6.RELEASE.jar;C:\Users\diyaguang\.m2\repository\org\thymeleaf\extras\thymeleaf-extras-java8time\3.0.2.RELEASE\thymeleaf-extras-java8time-3.0.2.RELEASE.jar;C:\Users\diyaguang\.m2\repository\org\springframework\boot\spring-boot-starter-web\2.1.2.RELEASE\spring-boot-starter-web-2.1.2.RELEASE.jar;C:\Users\diyaguang\.m2\repository\org\springframework\boot\spring-boot-starter-json\2.1.2.RELEASE\spring-boot-starter-json-2.1.2.RELEASE.jar;C:\Users\diyaguang\.m2\repository\com\fasterxml\jackson\core\jackson-databind\2.9.8\jackson-databind-2.9.8.jar;C:\Users\diyaguang\.m2\repository\com\fasterxml\jackson\core\jackson-annotations\2.9.0\jackson-annotations-2.9.0.jar;C:\Users\diyaguang\.m2\repository\com\fasterxml\jackson\core\jackson-core\2.9.8\jackson-core-2.9.8.jar;C:\Users\diyaguang\.m2\repository\com\fasterxml\jackson\datatype\jackson-datatype-jdk8\2.9.8\jackson-datatype-jdk8-2.9.8.jar;C:\Users\diyaguang\.m2\repository\com\fasterxml\jackson\datatype\jackson-datatype-jsr310\2.9.8\jackson-datatype-jsr310-2.9.8.jar;C:\Users\diyaguang\.m2\repository\com\fasterxml\jackson\module\jackson-module-parameter-names\2.9.8\jackson-module-parameter-names-2.9.8.jar;C:\Users\diyaguang\.m2\repository\org\hibernate\validator\hibernate-validator\6.0.14.Final\hibernate-validator-6.0.14.Final.jar;C:\Users\diyaguang\.m2\repository\javax\validation\validation-api\2.0.1.Final\validation-api-2.0.1.Final.jar;C:\Users\diyaguang\.m2\repository\org\jboss\logging\jboss-logging\3.3.2.Final\jboss-logging-3.3.2.Final.jar;C:\Users\diyaguang\.m2\repository\com\fasterxml\classmate\1.4.0\classmate-1.4.0.jar;C:\Users\diyaguang\.m2\repository\org\springframework\spring-web\5.1.4.RELEASE\spring-web-5.1.4.RELEASE.jar;C:\Users\diyaguang\.m2\repository\org\springframework\spring-beans\5.1.4.RELEASE\spring-beans-5.1.4.RELEASE.jar;C:\Users\diyaguang\.m2\repository\org\springframework\spring-webmvc\5.1.4.RELEASE\spring-webmvc-5.1.4.RELEASE.jar;C:\Users\diyaguang\.m2\repository\org\springframework\spring-aop\5.1.4.RELEASE\spring-aop-5.1.4.RELEASE.jar;C:\Users\diyaguang\.m2\repository\org\springframework\spring-context\5.1.4.RELEASE\spring-context-5.1.4.RELEASE.jar;C:\Users\diyaguang\.m2\repository\org\springframework\spring-expression\5.1.4.RELEASE\spring-expression-5.1.4.RELEASE.jar;C:\Users\diyaguang\.m2\repository\org\springframework\boot\spring-boot-starter-test\2.1.2.RELEASE\spring-boot-starter-test-2.1.2.RELEASE.jar;C:\Users\diyaguang\.m2\repository\org\springframework\boot\spring-boot-test\2.1.2.RELEASE\spring-boot-test-2.1.2.RELEASE.jar;C:\Users\diyaguang\.m2\repository\org\springframework\boot\spring-boot-test-autoconfigure\2.1.2.RELEASE\spring-boot-test-autoconfigure-2.1.2.RELEASE.jar;C:\Users\diyaguang\.m2\repository\com\jayway\jsonpath\json-path\2.4.0\json-path-2.4.0.jar;C:\Users\diyaguang\.m2\repository\net\minidev\json-smart\2.3\json-smart-2.3.jar;C:\Users\diyaguang\.m2\repository\net\minidev\accessors-smart\1.2\accessors-smart-1.2.jar;C:\Users\diyaguang\.m2\repository\org\ow2\asm\asm\5.0.4\asm-5.0.4.jar;C:\Users\diyaguang\.m2\repository\junit\junit\4.12\junit-4.12.jar;C:\Users\diyaguang\.m2\repository\org\assertj\assertj-core\3.11.1\assertj-core-3.11.1.jar;C:\Users\diyaguang\.m2\repository\org\mockito\mockito-core\2.23.4\mockito-core-2.23.4.jar;C:\Users\diyaguang\.m2\repository\net\bytebuddy\byte-buddy\1.9.7\byte-buddy-1.9.7.jar;C:\Users\diyaguang\.m2\repository\net\bytebuddy\byte-buddy-agent\1.9.7\byte-buddy-agent-1.9.7.jar;C:\Users\diyaguang\.m2\repository\org\objenesis\objenesis\2.6\objenesis-2.6.jar;C:\Users\diyaguang\.m2\repository\org\hamcrest\hamcrest-core\1.3\hamcrest-core-1.3.jar;C:\Users\diyaguang\.m2\repository\org\hamcrest\hamcrest-library\1.3\hamcrest-library-1.3.jar;C:\Users\diyaguang\.m2\repository\org\skyscreamer\jsonassert\1.5.0\jsonassert-1.5.0.jar;C:\Users\diyaguang\.m2\repository\com\vaadin\external\google\android-json\0.0.20131108.vaadin1\android-json-0.0.20131108.vaadin1.jar;C:\Users\diyaguang\.m2\repository\org\springframework\spring-core\5.1.4.RELEASE\spring-core-5.1.4.RELEASE.jar;C:\Users\diyaguang\.m2\repository\org\springframework\spring-jcl\5.1.4.RELEASE\spring-jcl-5.1.4.RELEASE.jar;C:\Users\diyaguang\.m2\repository\org\springframework\spring-test\5.1.4.RELEASE\spring-test-5.1.4.RELEASE.jar;C:\Users\diyaguang\.m2\repository\org\xmlunit\xmlunit-core\2.6.2\xmlunit-core-2.6.2.jar;C:\Users\diyaguang\.m2\repository\com\ibeetl\beetl-framework-starter\1.1.15.RELEASE\beetl-framework-starter-1.1.15.RELEASE.jar;C:\Users\diyaguang\.m2\repository\com\ibeetl\beetlsql\2.9.10\beetlsql-2.9.10.jar;C:\Users\diyaguang\.m2\repository\com\ibeetl\beetl\2.7.22\beetl-2.7.22.jar;C:\Users\diyaguang\.m2\repository\org\antlr\antlr4-runtime\4.2\antlr4-runtime-4.2.jar;C:\Users\diyaguang\.m2\repository\org\abego\treelayout\org.abego.treelayout.core\1.0.1\org.abego.treelayout.core-1.0.1.jar;C:\Users\diyaguang\.m2\repository\org\antlr\antlr4-annotations\4.2\antlr4-annotations-4.2.jar;C:\Users\diyaguang\.m2\repository\com\zaxxer\HikariCP\2.7.4\HikariCP-2.7.4.jar;C:\Users\diyaguang\.m2\repository\org\slf4j\slf4j-api\1.7.25\slf4j-api-1.7.25.jar;C:\Users\diyaguang\.m2\repository\mysql\mysql-connector-java\6.0.5\mysql-connector-java-6.0.5.jar;C:\Users\diyaguang\.m2\repository\org\springframework\boot\spring-boot-starter-jdbc\2.1.2.RELEASE\spring-boot-starter-jdbc-2.1.2.RELEASE.jar;C:\Users\diyaguang\.m2\repository\org\springframework\spring-jdbc\5.1.4.RELEASE\spring-jdbc-5.1.4.RELEASE.jar;C:\Users\diyaguang\.m2\repository\org\springframework\spring-tx\5.1.4.RELEASE\spring-tx-5.1.4.RELEASE.jar;C:\Users\diyaguang\.m2\repository\org\springframework\boot\spring-boot-starter-data-jpa\2.1.2.RELEASE\spring-boot-starter-data-jpa-2.1.2.RELEASE.jar;C:\Users\diyaguang\.m2\repository\org\springframework\boot\spring-boot-starter-aop\2.1.2.RELEASE\spring-boot-starter-aop-2.1.2.RELEASE.jar;C:\Users\diyaguang\.m2\repository\org\aspectj\aspectjweaver\1.9.2\aspectjweaver-1.9.2.jar;C:\Users\diyaguang\.m2\repository\javax\transaction\javax.transaction-api\1.3\javax.transaction-api-1.3.jar;C:\Users\diyaguang\.m2\repository\javax\xml\bind\jaxb-api\2.3.1\jaxb-api-2.3.1.jar;C:\Users\diyaguang\.m2\repository\javax\activation\javax.activation-api\1.2.0\javax.activation-api-1.2.0.jar;C:\Users\diyaguang\.m2\repository\org\hibernate\hibernate-core\5.3.7.Final\hibernate-core-5.3.7.Final.jar;C:\Users\diyaguang\.m2\repository\javax\persistence\javax.persistence-api\2.2\javax.persistence-api-2.2.jar;C:\Users\diyaguang\.m2\repository\org\javassist\javassist\3.23.1-GA\javassist-3.23.1-GA.jar;C:\Users\diyaguang\.m2\repository\antlr\antlr\2.7.7\antlr-2.7.7.jar;C:\Users\diyaguang\.m2\repository\org\jboss\jandex\2.0.5.Final\jandex-2.0.5.Final.jar;C:\Users\diyaguang\.m2\repository\org\dom4j\dom4j\2.1.1\dom4j-2.1.1.jar;C:\Users\diyaguang\.m2\repository\org\hibernate\common\hibernate-commons-annotations\5.0.4.Final\hibernate-commons-annotations-5.0.4.Final.jar;C:\Users\diyaguang\.m2\repository\org\springframework\data\spring-data-jpa\2.1.4.RELEASE\spring-data-jpa-2.1.4.RELEASE.jar;C:\Users\diyaguang\.m2\repository\org\springframework\data\spring-data-commons\2.1.4.RELEASE\spring-data-commons-2.1.4.RELEASE.jar;C:\Users\diyaguang\.m2\repository\org\springframework\spring-orm\5.1.4.RELEASE\spring-orm-5.1.4.RELEASE.jar;C:\Users\diyaguang\.m2\repository\org\springframework\spring-aspects\5.1.4.RELEASE\spring-aspects-5.1.4.RELEASE.jar;C:\Users\diyaguang\.m2\repository\org\springframework\boot\spring-boot-configuration-processor\2.1.2.RELEASE\spring-boot-configuration-processor-2.1.2.RELEASE.jar;C:\Users\diyaguang\.m2\repository\org\springframework\boot\spring-boot-starter-tomcat\2.1.2.RELEASE\spring-boot-starter-tomcat-2.1.2.RELEASE.jar;C:\Users\diyaguang\.m2\repository\javax\annotation\javax.annotation-api\1.3.2\javax.annotation-api-1.3.2.jar;C:\Users\diyaguang\.m2\repository\org\apache\tomcat\embed\tomcat-embed-core\9.0.14\tomcat-embed-core-9.0.14.jar;C:\Users\diyaguang\.m2\repository\org\apache\tomcat\embed\tomcat-embed-el\9.0.14\tomcat-embed-el-9.0.14.jar;C:\Users\diyaguang\.m2\repository\org\apache\tomcat\embed\tomcat-embed-websocket\9.0.14\tomcat-embed-websocket-9.0.14.jar;"/>
    <property name="sun.cpu.endian" value="little"/>
    <property name="user.home" value="C:\Users\diyaguang"/>
    <property name="user.language" value="zh"/>
    <property name="java.specification.vendor" value="Oracle Corporation"/>
    <property name="java.home" value="C:\Program Files\Java\jdk1.8.0_191\jre"/>
    <property name="basedir" value="D:\MyProject\MyJavaCollection\MyProject\dygstudio\testspringboot"/>
    <property name="file.separator" value="\"/>
    <property name="line.separator" value="&#10;"/>
    <property name="java.vm.specification.vendor" value="Oracle Corporation"/>
    <property name="java.specification.name" value="Java Platform API Specification"/>
    <property name="java.awt.graphicsenv" value="sun.awt.Win32GraphicsEnvironment"/>
    <property name="surefire.real.class.path" value="C:\Users\DIYAGU~1\AppData\Local\Temp\surefire8726672801478493639\surefirebooter7506960619748830294.jar"/>
    <property name="sun.boot.class.path" value="C:\Program Files\Java\jdk1.8.0_191\jre\lib\resources.jar;C:\Program Files\Java\jdk1.8.0_191\jre\lib\rt.jar;C:\Program Files\Java\jdk1.8.0_191\jre\lib\sunrsasign.jar;C:\Program Files\Java\jdk1.8.0_191\jre\lib\jsse.jar;C:\Program Files\Java\jdk1.8.0_191\jre\lib\jce.jar;C:\Program Files\Java\jdk1.8.0_191\jre\lib\charsets.jar;C:\Program Files\Java\jdk1.8.0_191\jre\lib\jfr.jar;C:\Program Files\Java\jdk1.8.0_191\jre\classes"/>
    <property name="user.script" value=""/>
    <property name="sun.management.compiler" value="HotSpot 64-Bit Tiered Compilers"/>
    <property name="java.runtime.version" value="1.8.0_191-b12"/>
    <property name="user.name" value="diyaguang"/>
    <property name="path.separator" value=";"/>
    <property name="os.version" value="10.0"/>
    <property name="java.endorsed.dirs" value="C:\Program Files\Java\jdk1.8.0_191\jre\lib\endorsed"/>
    <property name="java.runtime.name" value="Java(TM) SE Runtime Environment"/>
    <property name="file.encoding" value="GBK"/>
    <property name="java.vm.name" value="Java HotSpot(TM) 64-Bit Server VM"/>
    <property name="localRepository" value="C:\Users\diyaguang\.m2\repository"/>
    <property name="java.vendor.url.bug" value="http://bugreport.sun.com/bugreport/"/>
    <property name="java.io.tmpdir" value="C:\Users\DIYAGU~1\AppData\Local\Temp\"/>
    <property name="java.version" value="1.8.0_191"/>
    <property name="user.dir" value="D:\MyProject\MyJavaCollection\MyProject\dygstudio\testspringboot"/>
    <property name="os.arch" value="amd64"/>
    <property name="java.vm.specification.name" value="Java Virtual Machine Specification"/>
    <property name="java.awt.printerjob" value="sun.awt.windows.WPrinterJob"/>
    <property name="sun.os.patch.level" value=""/>
    <property name="java.library.path" value="C:\Program Files\Java\jdk1.8.0_191\jre\bin;C:\Windows\Sun\Java\bin;C:\Windows\system32;C:\Windows;C:\Program Files (x86)\Common Files\Oracle\Java\javapath;C:\Windows\system32;C:\Windows;C:\Windows\System32\Wbem;C:\Windows\System32\WindowsPowerShell\v1.0\;C:\Windows\System32\OpenSSH\;C:\Program Files\TortoiseSVN\bin;C:\Program Files\Java\jdk1.8.0_191\bin;C:\Program Files\Java\jdk1.8.0_191\jre\bin;C:\Program Files\Git\cmd;C:\Program Files\apache-maven-3.6.0\bin;C:\Program Files\apache-maven-3.6.0\bin;C:\Program Files\dotnet\;C:\Program Files\Microsoft SQL Server\130\Tools\Binn\;D:\WorkProject\apache-tomcat-9.0.14\bin;C:\Users\diyaguang\AppData\Local\Microsoft\WindowsApps;C:\Users\diyaguang\AppData\Local\GitHubDesktop\bin;."/>
    <property name="java.vm.info" value="mixed mode"/>
    <property name="java.vendor" value="Oracle Corporation"/>
    <property name="java.vm.version" value="25.191-b12"/>
    <property name="java.ext.dirs" value="C:\Program Files\Java\jdk1.8.0_191\jre\lib\ext;C:\Windows\Sun\Java\lib\ext"/>
    <property name="sun.io.unicode.encoding" value="UnicodeLittle"/>
    <property name="java.class.version" value="52.0"/>
  </properties>
  <testcase name="contextLoads" classname="com.dygstudio.testspringboot.TestspringbootApplicationTests" time="0.076"/>
</testsuite>